<?xml version="1.0" encoding="utf-8"?><testsuites name="pytest tests"><testsuite name="pytest" errors="0" failures="0" skipped="0" tests="20" time="0.723" timestamp="2026-01-20T00:05:54.734185+00:00" hostname="agent-env-06b43f1e-1ae7-4a04-b3d1-372b54b21021"><testcase classname="tests.test_historico_equipamentos.TestHistoricoEquipamentos" name="test_01_login_success" time="0.485" /><testcase classname="tests.test_historico_equipamentos.TestHistoricoEquipamentos" name="test_02_get_empresas" time="0.005" /><testcase classname="tests.test_historico_equipamentos.TestHistoricoEquipamentos" name="test_03_list_equipamentos_tecnicos" time="0.005" /><testcase classname="tests.test_historico_equipamentos.TestHistoricoEquipamentos" name="test_04_equipamentos_dashboard" time="0.007" /><testcase classname="tests.test_historico_equipamentos.TestHistoricoEquipamentos" name="test_05_tipos_equipamento" time="0.004" /><testcase classname="tests.test_historico_equipamentos.TestHistoricoEquipamentos" name="test_06_depositos" time="0.004" /><testcase classname="tests.test_historico_equipamentos.TestHistoricoEquipamentos" name="test_07_historico_completo_not_found" time="0.004" /><testcase classname="tests.test_historico_equipamentos.TestHistoricoEquipamentos" name="test_08_manutencao_not_found" time="0.004" /><testcase classname="tests.test_historico_equipamentos.TestHistoricoEquipamentos" name="test_09_evento_not_found" time="0.003" /><testcase classname="tests.test_historico_equipamentos.TestHistoricoEquipamentos" name="test_10_create_test_equipment" time="0.008" /><testcase classname="tests.test_historico_equipamentos.TestHistoricoEquipamentos" name="test_11_historico_completo_with_equipment" time="0.009" /><testcase classname="tests.test_historico_equipamentos.TestHistoricoEquipamentos" name="test_12_registrar_evento" time="0.014" /><testcase classname="tests.test_historico_equipamentos.TestHistoricoEquipamentos" name="test_13_registrar_manutencao" time="0.014" /><testcase classname="tests.test_historico_equipamentos.TestHistoricoEquipamentos" name="test_14_listar_manutencoes" time="0.004" /><testcase classname="tests.test_historico_equipamentos.TestHistoricoEquipamentos" name="test_15_concluir_manutencao" time="0.009" /><testcase classname="tests.test_historico_equipamentos.TestHistoricoEquipamentos" name="test_16_transferir_equipamento" time="0.013" /><testcase classname="tests.test_historico_equipamentos.TestHistoricoEquipamentos" name="test_17_get_single_equipment" time="0.010" /><testcase classname="tests.test_historico_equipamentos.TestHistoricoEquipamentosEdgeCases" name="test_evento_tipos_validos" time="0.031" /><testcase classname="tests.test_historico_equipamentos.TestHistoricoEquipamentosEdgeCases" name="test_manutencao_campos_opcionais" time="0.010" /><testcase classname="tests.test_historico_equipamentos.TestHistoricoEquipamentosEdgeCases" name="test_unauthorized_access" time="0.006" /></testsuite></testsuites>