<?xml version="1.0" encoding="utf-8"?><testsuites name="pytest tests"><testsuite name="pytest" errors="6" failures="0" skipped="0" tests="18" time="2.255" timestamp="2026-01-15T21:48:14.215007+00:00" hostname="agent-env-cbd7614b-c11b-4178-a3c2-b1b26fab4791"><testcase classname="tests.test_echo_shop_api.TestAuthEndpoints" name="test_login_success" time="0.229" /><testcase classname="tests.test_echo_shop_api.TestAuthEndpoints" name="test_login_invalid_credentials" time="0.004" /><testcase classname="tests.test_echo_shop_api.TestAuthEndpoints" name="test_auth_me_endpoint" time="0.228" /><testcase classname="tests.test_echo_shop_api.TestEmpresasEndpoints" name="test_list_empresas" time="0.229" /><testcase classname="tests.test_echo_shop_api.TestOrdensServicoEndpoints" name="test_list_ordens_servico" time="0.234" /><testcase classname="tests.test_echo_shop_api.TestOrdensServicoEndpoints" name="test_list_ordens_servico_with_filters" time="0.234" /><testcase classname="tests.test_echo_shop_api.TestOrdensServicoEndpoints" name="test_get_ordem_servico_details" time="0.249" /><testcase classname="tests.test_echo_shop_api.TestOrdensServicoEndpoints" name="test_update_os_status" time="0.234" /><testcase classname="tests.test_echo_shop_api.TestOrdensServicoEndpoints" name="test_update_checklist" time="0.238" /><testcase classname="tests.test_echo_shop_api.TestEquipamentosTecnicosEndpoints" name="test_list_equipamentos_tecnicos" time="0.233" /><testcase classname="tests.test_echo_shop_api.TestEquipamentosTecnicosEndpoints" name="test_equipamentos_dashboard" time="0.003"><error message="failed on setup with &quot;assert 429 == 200&#10; +  where 429 = &lt;Response [429]&gt;.status_code&quot;">tests/test_echo_shop_api.py:277: in setup
    assert login_response.status_code == 200
E   assert 429 == 200
E    +  where 429 = &lt;Response [429]&gt;.status_code</error></testcase><testcase classname="tests.test_echo_shop_api.TestEquipamentosTecnicosEndpoints" name="test_list_tipos_equipamento" time="0.003"><error message="failed on setup with &quot;assert 429 == 200&#10; +  where 429 = &lt;Response [429]&gt;.status_code&quot;">tests/test_echo_shop_api.py:277: in setup
    assert login_response.status_code == 200
E   assert 429 == 200
E    +  where 429 = &lt;Response [429]&gt;.status_code</error></testcase><testcase classname="tests.test_echo_shop_api.TestEquipamentosTecnicosEndpoints" name="test_list_depositos" time="0.002"><error message="failed on setup with &quot;assert 429 == 200&#10; +  where 429 = &lt;Response [429]&gt;.status_code&quot;">tests/test_echo_shop_api.py:277: in setup
    assert login_response.status_code == 200
E   assert 429 == 200
E    +  where 429 = &lt;Response [429]&gt;.status_code</error></testcase><testcase classname="tests.test_echo_shop_api.TestContratosEndpoints" name="test_list_contratos" time="0.002"><error message="failed on setup with &quot;assert 429 == 200&#10; +  where 429 = &lt;Response [429]&gt;.status_code&quot;">tests/test_echo_shop_api.py:363: in setup
    assert login_response.status_code == 200
E   assert 429 == 200
E    +  where 429 = &lt;Response [429]&gt;.status_code</error></testcase><testcase classname="tests.test_echo_shop_api.TestContratosEndpoints" name="test_assinar_contrato_not_found" time="0.002"><error message="failed on setup with &quot;assert 429 == 200&#10; +  where 429 = &lt;Response [429]&gt;.status_code&quot;">tests/test_echo_shop_api.py:363: in setup
    assert login_response.status_code == 200
E   assert 429 == 200
E    +  where 429 = &lt;Response [429]&gt;.status_code</error></testcase><testcase classname="tests.test_echo_shop_api.TestUsersEndpoints" name="test_list_users" time="0.002"><error message="failed on setup with &quot;assert 429 == 200&#10; +  where 429 = &lt;Response [429]&gt;.status_code&quot;">tests/test_echo_shop_api.py:421: in setup
    assert login_response.status_code == 200
E   assert 429 == 200
E    +  where 429 = &lt;Response [429]&gt;.status_code</error></testcase><testcase classname="tests.test_echo_shop_api.TestHealthEndpoints" name="test_health_check" time="0.002" /><testcase classname="tests.test_echo_shop_api.TestHealthEndpoints" name="test_root_endpoint" time="0.001" /></testsuite></testsuites>