<?xml version="1.0" encoding="utf-8"?><testsuites name="pytest tests"><testsuite name="pytest" errors="0" failures="0" skipped="0" tests="17" time="0.628" timestamp="2026-01-15T21:49:17.393911+00:00" hostname="agent-env-cbd7614b-c11b-4178-a3c2-b1b26fab4791"><testcase classname="tests.test_echo_shop_api.TestAuthEndpoints" name="test_login_success" time="0.228" /><testcase classname="tests.test_echo_shop_api.TestAuthEndpoints" name="test_login_invalid_credentials" time="0.003" /><testcase classname="tests.test_echo_shop_api.TestAuthEndpoints" name="test_auth_me_endpoint" time="0.228" /><testcase classname="tests.test_echo_shop_api.TestEmpresasEndpoints" name="test_list_empresas" time="0.003" /><testcase classname="tests.test_echo_shop_api.TestOrdensServicoEndpoints" name="test_list_ordens_servico" time="0.008" /><testcase classname="tests.test_echo_shop_api.TestOrdensServicoEndpoints" name="test_list_ordens_servico_with_filters" time="0.007" /><testcase classname="tests.test_echo_shop_api.TestOrdensServicoEndpoints" name="test_get_ordem_servico_details" time="0.010" /><testcase classname="tests.test_echo_shop_api.TestOrdensServicoEndpoints" name="test_update_checklist" time="0.010" /><testcase classname="tests.test_echo_shop_api.TestEquipamentosTecnicosEndpoints" name="test_list_equipamentos_tecnicos" time="0.005" /><testcase classname="tests.test_echo_shop_api.TestEquipamentosTecnicosEndpoints" name="test_equipamentos_dashboard" time="0.007" /><testcase classname="tests.test_echo_shop_api.TestEquipamentosTecnicosEndpoints" name="test_list_tipos_equipamento" time="0.005" /><testcase classname="tests.test_echo_shop_api.TestEquipamentosTecnicosEndpoints" name="test_list_depositos" time="0.005" /><testcase classname="tests.test_echo_shop_api.TestContratosEndpoints" name="test_list_contratos" time="0.011" /><testcase classname="tests.test_echo_shop_api.TestContratosEndpoints" name="test_assinar_contrato_not_found" time="0.003" /><testcase classname="tests.test_echo_shop_api.TestUsersEndpoints" name="test_list_users" time="0.003" /><testcase classname="tests.test_echo_shop_api.TestHealthEndpoints" name="test_health_check" time="0.002" /><testcase classname="tests.test_echo_shop_api.TestHealthEndpoints" name="test_root_endpoint" time="0.001" /></testsuite></testsuites>